<?xml version="1.0" encoding="UTF-8"?>
<!-- Generated by org.testng.reporters.JUnitXMLReporter -->
<testsuite ignored="0" hostname="DESKTOP-PCB1Q31" failures="0" tests="2" name="UserProfile Tests" time="152.167" errors="0" timestamp="2025-10-06T15:35:33 ICT">
  <testcase classname="test.userprofile.UserProfileInfoTests" name="testUpdateFullname" time="10.721"/>
  <testcase classname="test.userprofile.UserProfileInfoTests" name="testUpdatePhoneSuccess" time="10.277"/>
</testsuite> <!-- UserProfile Tests -->
