<?xml version="1.0" encoding="UTF-8"?>
<!-- Generated by org.testng.reporters.JUnitReportReporter -->
<testsuite hostname="DESKTOP-PCB1Q31" failures="0" tests="2" name="test.userprofile.UserProfileInfoTests" time="151.955" errors="0" timestamp="2025-10-06T15:35:33 ICT" skipped="0">
  <testcase classname="test.userprofile.UserProfileInfoTests" name="testUpdatePhoneSuccess" time="105.565"/>
  <testcase classname="test.userprofile.UserProfileInfoTests" name="testUpdateFullname" time="46.390"/>
</testsuite> <!-- test.userprofile.UserProfileInfoTests -->
